C51 COMPILER V9.01   _度3                                                                 04/03/2020 18:39:26 PAGE 1   


C51 COMPILER V9.01, COMPILATION OF MODULE _度3
OBJECT MODULE PLACED IN 温度3.OBJ
COMPILER INVOKED BY: D:\keil软件\C51\BIN\C51.EXE 温度3.c BROWSE DEBUG OBJECTEXTEND

line level    source

   1          #include "reg51.h"
   2          #include "temp-ds1302.h"
   3          
   4          uint flag = 0;                                  // 时间小数点闪烁计数
   5          uint temp;                                              // 温度变量
   6          uint DISP_FLAG = 1;                         // 功能显示标志位
   7          
   8          /*********DS18B20初始化命令函数***********************/
   9          uchar DS18b20Init(void)                                 // send reset and initialization command
  10          {
  11   1        uint i;
  12   1        DS = 0;                                                                               // 先将端口拉低
  13   1        i=120;                                                                                // 维持低电平状态480us~960us
  14   1        while(i>0)i--;
  15   1        DS = 1;                                                                               // 然后释放总线(将总线拉高),若DS18B20做出反应,将会将在15us~60us后将总线拉低      // 等待DS1
             -8B20响应
  16   1                i = 0;
  17   1                      while(DS)                                                                       // 在DS高电平时等待
  18   1                      {
  19   2                              i++;
  20   2                              if(i > 30000)                                           // 等待时间大于5ms
  21   2                              {
  22   3                                      return 0;                                               //说明响应失败
  23   3                              }
  24   2                      }
  25   1                      return 1;
  26   1      }
  27          
  28          
  29          /****************DS18B20读数据函数*********************/
  30          
  31          uchar DS18b20ReadByte(void)
  32          {
  33   1              uint i;
  34   1              uchar j,dat;
  35   1          uchar byte = 0;
  36   1              for(j=0;j<8;j++)                                // 循环 8 次,调用tmpreadbit函数,读 8bit 数据
  37   1          {
  38   2                  DS = 0;                                                                             // 先将端口拉低
  39   2                      _nop_();                                                                        // 延时 2us ,要求至少保持1us
  40   2                      DS = 1;                                                                         // 再将端口拉高
  41   2                      i=8;while(i>0)i--;                                          // 等待DS数据稳定,要求的至少延时15us以上
  42   2                      dat = DS;                                                                       // 数据传输
  43   2                      i=15;while(i>0)i--;                                                     // 等待数据采样周期完成,要求不低于60us                          
  44   2                      byte = (byte>>1) | (dat<<7);                        // 效果是 j 先读入的数据,放到了dat的低位,读8次正好是1byte. 
  45   2          }
  46   1        return(byte);         
  47   1      }
  48          
  49          
  50          //bit tmpreadbit(void)                          // read a bit data
  51          //{
  52          //      uint i;
  53          //      bit dat;                                                                        // 定义位数据 (dat = 0 or 1)
  54          //      DS = 0;                                                                         // 先将端口拉低
C51 COMPILER V9.01   _度3                                                                 04/03/2020 18:39:26 PAGE 2   

  55          //      _nop_();                                                                        // 延时 2us ,要求至少保持1us
  56          //      DS = 1;                                                                         // 再将端口拉高
  57          //      i=8;while(i>0)i--;                              // 等待DS数据稳定,要求的至少延时15us以上
  58          //      dat = DS;                                                                       // 数据传输
  59          //      i=15;while(i>0)i--;                             // 等待数据采样周期完成,要求不低于60us
  60          //      return(dat);
  61          //}
  62          //
  63          //uchar DS18b20ReadByte(void)                                   // read a byte date
  64          //{
  65          //      uchar i,j,dat;
  66          //  dat = 0;                                                                    // 初始化数据变量为 0
  67          //  for(i=1;i<=8;i++)                                   // 循环 8 次,调用tmpreadbit函数,读 8bit 数据
  68          //  {
  69          //    j = tmpreadbit();                         // 读出的数据暂存到 j
  70          //    dat = (j<<7)|(dat>>1);    // 效果是 j 先读入的数据,放到了dat的低位,读8次正好是1byte.
  71          //  }
  72          //  return(dat);                                                        // 返回读到的字节
  73          //}
  74          
  75          /***************DS18B20写入数据函数*******************/
  76          void DS18b20WriteByte(uchar dat)   //write a byte to ds18b20
  77          {
  78   1        uint i;
  79   1        uchar j;
  80   1        bit testb;
  81   1        for(j=0;j<8;j++)
  82   1        {
  83   2          testb = dat&0x01;
  84   2          dat = dat>>1;
  85   2          if(testb)                                                   // write 1
  86   2          {
  87   3            DS=0;
  88   3            i=8;while(i>0)i--;;                       // 延时要求15~60us内
  89   3            DS=1;
  90   3            i=15;while(i>0)i--;                       // 要求不低于60us
  91   3          }
  92   2          else
  93   2          {
  94   3            DS = 0;                                           // write 0
  95   3            i=15;while(i>0)i--;
  96   3            DS = 1;
  97   3            i++;i++;
  98   3          }
  99   2        }
 100   1      //      uint i, j;
 101   1      //
 102   1      //      for(j=0; j<8; j++)
 103   1      //      {
 104   1      //              DS = 0;           //每写入一位数据之前先把总线拉低1us
 105   1      //              i++;
 106   1      //              DS = dat & 0x01;  //然后写入一个数据，从最低位开始
 107   1      //              i=6;
 108   1      //              while(i--); //延时68us，持续时间最少60us
 109   1      //              DS = 1; //然后释放总线，至少1us给总线恢复时间才能接着写入第二个数值
 110   1      //              dat >>= 1;
 111   1      //      }
 112   1      }
 113          
 114          /************DS18B20温度转换初始化函数********************/
 115          void  DS18b20ChangTemp(void)                                    // DS18B20 begin change
 116          {
C51 COMPILER V9.01   _度3                                                                 04/03/2020 18:39:26 PAGE 3   

 117   1        while(DS18b20Init() == 0)
 118   1              {                                       
 119   2                      SendByte_74HC164(0);
 120   2                      P1 &= 0xfB;
 121   2              }
 122   1        delay(1);
 123   1        DS18b20WriteByte(0xCC);                                       // 跳过 ROM 操作
 124   1        DS18b20WriteByte(0x44);                                       // 启动一次温度转换
 125   1      }
 126          
 127          void DS18b20ReadTempCom(void)                                                                           // get the temperature
 128          {
 129   1      
 130   1        while(DS18b20Init() == 0)
 131   1              {
 132   2                      SendByte_74HC164(0);
 133   2                      P1 &= 0xfB;
 134   2              }
 135   1        delay(1);
 136   1        DS18b20WriteByte(0xCC);                                       // 跳过 ROM 操作
 137   1        DS18b20WriteByte(0xBE);                                       // 读暂存寄存器
 138   1      }
 139          
 140          /************DS18B20温度转换函数********************/
 141          uint tmp()
 142          {  
 143   1        uint temp = 0;
 144   1        float tp=0;
 145   1        uchar high,low;
 146   1        DS18b20ChangTemp();
 147   1        DS18b20ReadTempCom();
 148   1        low=DS18b20ReadByte();
 149   1        high=DS18b20ReadByte();
 150   1        temp=high;
 151   1        temp<<=8;                                                                             // two byte compose a int variable
 152   1        temp|=low;
 153   1              
 154   1              if(temp< 0)                             //当温度值为负数
 155   1              { 
 156   2                      temp=temp-1;
 157   2                      temp=~temp;
 158   2                      tp=temp;
 159   2                      temp=tp*0.0625*100+0.5; 
 160   2              }
 161   1              else
 162   1              {                       
 163   2                      tp=temp;
 164   2                      temp=temp*0.0625*100+0.5;       
 165   2              }
 166   1              return temp;
 167   1      }
 168          


MODULE INFORMATION:   STATIC OVERLAYABLE
   CODE SIZE        =    396    ----
   CONSTANT SIZE    =   ----    ----
   XDATA SIZE       =   ----    ----
   PDATA SIZE       =   ----    ----
   DATA SIZE        =      6       6
   IDATA SIZE       =   ----    ----
   BIT SIZE         =   ----       1
C51 COMPILER V9.01   _度3                                                                 04/03/2020 18:39:26 PAGE 4   

END OF MODULE INFORMATION.


C51 COMPILATION COMPLETE.  0 WARNING(S),  0 ERROR(S)
